<?xml version="1.0" encoding="UTF-8"?>
<testsuite name="controllers.WishlistAPITest$PersistenceTests" tests="4" skipped="0" failures="0" errors="0" timestamp="2023-04-25T09:56:10" hostname="DESKTOP-SDS32N1" time="0.402">
  <properties/>
  <testcase name="saving and loading an empty collection in XML doesn't crash app()" classname="controllers.WishlistAPITest$PersistenceTests" time="0.336"/>
  <testcase name="saving and loading a loaded collection in JSON doesn't lose data()" classname="controllers.WishlistAPITest$PersistenceTests" time="0.048"/>
  <testcase name="saving and loading a loaded collection in XML doesn't lose data()" classname="controllers.WishlistAPITest$PersistenceTests" time="0.011"/>
  <testcase name="saving and loading an empty collection in JSON doesn't crash app()" classname="controllers.WishlistAPITest$PersistenceTests" time="0.006"/>
  <system-out><![CDATA[]]></system-out>
  <system-err><![CDATA[]]></system-err>
</testsuite>
