<?xml version="1.0" encoding="UTF-8"?>
<testsuite name="controllers.WishlistAPITest$ArchiveWislists" tests="3" skipped="0" failures="0" errors="0" timestamp="2023-04-25T09:56:11" hostname="DESKTOP-SDS32N1" time="0.003">
  <properties/>
  <testcase name="archiving an active wishlist that exists returns true and archives()" classname="controllers.WishlistAPITest$ArchiveWislists" time="0.001"/>
  <testcase name="archiving a wishlist that does not exist returns false()" classname="controllers.WishlistAPITest$ArchiveWislists" time="0.001"/>
  <testcase name="archiving an already archived wishlist returns false()" classname="controllers.WishlistAPITest$ArchiveWislists" time="0.001"/>
  <system-out><![CDATA[]]></system-out>
  <system-err><![CDATA[]]></system-err>
</testsuite>
