<?xml version="1.0" encoding="UTF-8"?>
<testsuite name="controllers.WishlistAPITest$ListWishlists" tests="6" skipped="0" failures="0" errors="0" timestamp="2023-04-25T09:56:10" hostname="DESKTOP-SDS32N1" time="0.01">
  <properties/>
  <testcase name="listActiveNotes return no active wishlists stored when ArrayList is empty()" classname="controllers.WishlistAPITest$ListWishlists" time="0.0"/>
  <testcase name="listAllWishlists returns Wishlists when ArrayList has wishlists stored()" classname="controllers.WishlistAPITest$ListWishlists" time="0.001"/>
  <testcase name="listAllWishlists returns No Wishlists Stored message When ArrayList is empty()" classname="controllers.WishlistAPITest$ListWishlists" time="0.001"/>
  <testcase name="listActiveWishlists returns active wishlists when Arraylist has active wishlists stored()" classname="controllers.WishlistAPITest$ListWishlists" time="0.001"/>
  <testcase name="listArchivedWishlists returns active wishlists when Arraylist has archive wishlists stored()" classname="controllers.WishlistAPITest$ListWishlists" time="0.002"/>
  <testcase name="listArchivedWishlists returns no archived wishlists when ArrayList is empty()" classname="controllers.WishlistAPITest$ListWishlists" time="0.002"/>
  <system-out><![CDATA[]]></system-out>
  <system-err><![CDATA[]]></system-err>
</testsuite>
