<?xml version="1.0" encoding="UTF-8"?>
<testsuite name="controllers.WishlistAPITest" tests="3" skipped="0" failures="0" errors="0" timestamp="2023-04-25T09:56:10" hostname="DESKTOP-SDS32N1" time="0.073">
  <properties/>
  <testcase name="listWishlistBySelectedPrioriry returns No Notes when ArrayList is empty()" classname="controllers.WishlistAPITest" time="0.044"/>
  <testcase name="listWishlistBySelectedPrioriry returns no notes when no notes of that priority exist()" classname="controllers.WishlistAPITest" time="0.001"/>
  <testcase name="listWishlistBySelectedPrioriry returns all notes that match that priority when notes of that priority exist()" classname="controllers.WishlistAPITest" time="0.027"/>
  <system-out><![CDATA[]]></system-out>
  <system-err><![CDATA[]]></system-err>
</testsuite>
