<?xml version="1.0" encoding="UTF-8"?>
<testsuite name="controllers.WishlistAPITest$DeleteWishLists" tests="2" skipped="0" failures="0" errors="0" timestamp="2023-04-25T09:56:10" hostname="DESKTOP-SDS32N1" time="0.004">
  <properties/>
  <testcase name="deleting a Wishlist that does not exist, returns null()" classname="controllers.WishlistAPITest$DeleteWishLists" time="0.002"/>
  <testcase name="deleting a wishlist that exists delete and returns deleted object()" classname="controllers.WishlistAPITest$DeleteWishLists" time="0.001"/>
  <system-out><![CDATA[]]></system-out>
  <system-err><![CDATA[]]></system-err>
</testsuite>
