<?xml version="1.0" encoding="UTF-8"?>
<testsuite name="models.WishlistTest" tests="1" skipped="0" failures="0" errors="0" timestamp="2023-04-29T14:06:58" hostname="DESKTOP-SDS32N1" time="0.066">
  <properties/>
  <testcase name="test findOne returns correct product by id()" classname="models.WishlistTest" time="0.066"/>
  <system-out><![CDATA[]]></system-out>
  <system-err><![CDATA[]]></system-err>
</testsuite>
