<?xml version="1.0" encoding="UTF-8"?>
<testsuite name="models.WishlistTest$addProducts" tests="1" skipped="0" failures="0" errors="0" timestamp="2023-04-29T14:06:58" hostname="DESKTOP-SDS32N1" time="0.003">
  <properties/>
  <testcase name="test addProduct adds a product to wishlist()" classname="models.WishlistTest$addProducts" time="0.003"/>
  <system-out><![CDATA[]]></system-out>
  <system-err><![CDATA[]]></system-err>
</testsuite>
