<?xml version="1.0" encoding="UTF-8"?>
<testsuite name="models.WishlistTest$ListProducts" tests="3" skipped="0" failures="0" errors="0" timestamp="2023-04-29T14:06:58" hostname="DESKTOP-SDS32N1" time="0.155">
  <properties/>
  <testcase name="test numberOfProducts returns the correct number of products()" classname="models.WishlistTest$ListProducts" time="0.001"/>
  <testcase name="test listProducts() and toString() when no products added()" classname="models.WishlistTest$ListProducts" time="0.002"/>
  <testcase name="test listProducts returns a list of products in the wishlist()" classname="models.WishlistTest$ListProducts" time="0.15"/>
  <system-out><![CDATA[]]></system-out>
  <system-err><![CDATA[]]></system-err>
</testsuite>
