<?xml version="1.0" encoding="UTF-8"?>
<testsuite name="controllers.WishlistAPITest$AddWishLists" tests="2" skipped="0" failures="0" errors="0" timestamp="2023-04-25T09:56:10" hostname="DESKTOP-SDS32N1" time="0.003">
  <properties/>
  <testcase name=" adding  a Wishlist to an empty list adds to ArrayList()" classname="controllers.WishlistAPITest$AddWishLists" time="0.001"/>
  <testcase name=" adding a Wishlist to a populated list adds to ArrayList()" classname="controllers.WishlistAPITest$AddWishLists" time="0.001"/>
  <system-out><![CDATA[]]></system-out>
  <system-err><![CDATA[]]></system-err>
</testsuite>
